<?xml version="1.0" encoding="UTF-8"?>
<!-- Generated by org.testng.reporters.JUnitXMLReporter -->
<testsuite ignored="0" hostname="LAPTOP-KESFSF0R" failures="1" tests="1" name="Test" time="0.063" errors="0" timestamp="2026-03-12T01:13:02 IST">
  <testcase classname="amazon.com.SearchProduct" name="search" time="0.015">
    <failure type="org.testng.internal.reflect.MethodMatcherException" message="
[public void amazon.com.SearchProduct.search(java.lang.String,java.lang.String)] has no parameters defined but was found to be using a data provider (either explicitly specified or inherited from class level annotation).
Data provider mismatch
Method: search([java.lang.String arg0, java.lang.String arg1])
Arguments: [(java.lang.String) iphone]">
      <![CDATA[org.testng.internal.reflect.MethodMatcherException: 
[public void amazon.com.SearchProduct.search(java.lang.String,java.lang.String)] has no parameters defined but was found to be using a data provider (either explicitly specified or inherited from class level annotation).
Data provider mismatch
Method: search([java.lang.String arg0, java.lang.String arg1])
Arguments: [(java.lang.String) iphone]
at java.base/java.util.ArrayList.forEach(ArrayList.java:1511)
... Removed 22 stack frames]]>
    </failure>
  </testcase> <!-- search -->
</testsuite> <!-- Test -->
