<?xml version="1.0" encoding="UTF-8"?>
<!-- Generated by org.testng.reporters.JUnitXMLReporter -->
<testsuite ignored="0" hostname="LAPTOP-KESFSF0R" failures="1" tests="1" name="Edge Browser Tests" time="0.069" errors="0" timestamp="2026-03-12T00:44:43 IST">
  <testcase classname="amazon.com.SearchProduct" name="search" time="0.021">
    <failure type="org.testng.internal.reflect.MethodMatcherException" message="
[public void amazon.com.SearchProduct.search(java.lang.String,java.lang.String)] has no parameters defined but was found to be using a data provider (either explicitly specified or inherited from class level annotation).
Data provider mismatch
Method: search([java.lang.String arg0, java.lang.String arg1])
Arguments: [(java.lang.String) iphone]">
      <![CDATA[org.testng.internal.reflect.MethodMatcherException: 
[public void amazon.com.SearchProduct.search(java.lang.String,java.lang.String)] has no parameters defined but was found to be using a data provider (either explicitly specified or inherited from class level annotation).
Data provider mismatch
Method: search([java.lang.String arg0, java.lang.String arg1])
Arguments: [(java.lang.String) iphone]
at java.base/java.util.concurrent.Executors$RunnableAdapter.call(Executors.java:539)
at java.base/java.util.concurrent.FutureTask.run(FutureTask.java:264)
at java.base/java.util.concurrent.ThreadPoolExecutor.runWorker(ThreadPoolExecutor.java:1136)
at java.base/java.util.concurrent.ThreadPoolExecutor$Worker.run(ThreadPoolExecutor.java:635)
at java.base/java.lang.Thread.run(Thread.java:833)
... Removed 8 stack frames]]>
    </failure>
  </testcase> <!-- search -->
</testsuite> <!-- Edge Browser Tests -->
