<?xml version="1.0" encoding="UTF-8"?>
<!-- Generated by org.testng.reporters.JUnitXMLReporter -->
<testsuite ignored="0" hostname="LAPTOP-KESFSF0R" failures="0" tests="3" name="Default test" time="12.593" errors="0" timestamp="2026-03-12T01:09:07 IST">
  <testcase classname="amazon.com.SearchProduct" name="search" time="4.291"/>
  <testcase classname="amazon.com.SearchProduct" name="search" time="3.996"/>
  <testcase classname="amazon.com.SearchProduct" name="search" time="4.234"/>
</testsuite> <!-- Default test -->
